\BOOKMARK [0][-]{chapter.1}{\376\377\000W\000i\000k\000i\000p\000e\000d\000i\000a\000:\000\040\000s\000t\000o\000r\000a\000\040\000e\000\040\000i\000m\000p\000a\000t\000t\000o\000\040\000s\000u\000l\000l\000a\000\040\000d\000i\000v\000u\000l\000g\000a\000z\000i\000o\000n\000e}{}% 1
\BOOKMARK [1][-]{section.1.1}{\376\377\000I\000n\000t\000r\000o\000d\000u\000z\000i\000o\000n\000e\000\040\000a\000\040\000W\000i\000k\000i\000p\000e\000d\000i\000a}{chapter.1}% 2
\BOOKMARK [2][-]{subsection.1.1.1}{\376\377\000P\000r\000i\000n\000c\000i\000p\000i\000\040\000e\000\040\000o\000b\000i\000e\000t\000t\000i\000v\000i}{section.1.1}% 3
\BOOKMARK [2][-]{subsection.1.1.2}{\376\377\000S\000t\000r\000u\000t\000t\000u\000r\000a\000\040\000e\000\040\000f\000u\000n\000z\000i\000o\000n\000a\000m\000e\000n\000t\000o\000\040\000g\000e\000n\000e\000r\000a\000l\000e}{section.1.1}% 4
\BOOKMARK [2][-]{subsection.1.1.3}{\376\377\000I\000\040\000c\000i\000n\000q\000u\000e\000\040\000p\000i\000l\000a\000s\000t\000r\000i\000\040\000d\000i\000\040\000W\000i\000k\000i\000p\000e\000d\000i\000a}{section.1.1}% 5
\BOOKMARK [1][-]{section.1.2}{\376\377\000S\000t\000o\000r\000i\000a\000\040\000d\000i\000\040\000W\000i\000k\000i\000p\000e\000d\000i\000a}{chapter.1}% 6
\BOOKMARK [2][-]{subsection.1.2.1}{\376\377\000L\000e\000\040\000o\000r\000i\000g\000i\000n\000i\000\040\000e\000\040\000l\000a\000\040\000f\000o\000n\000d\000a\000z\000i\000o\000n\000e\000\040\000\050\0002\0000\0000\0001\000\051}{section.1.2}% 7
\BOOKMARK [2][-]{subsection.1.2.2}{\376\377\000E\000v\000o\000l\000u\000z\000i\000o\000n\000e\000\040\000e\000\040\000c\000r\000e\000s\000c\000i\000t\000a\000\040\000n\000e\000l\000\040\000t\000e\000m\000p\000o}{section.1.2}% 8
\BOOKMARK [2][-]{subsection.1.2.3}{\376\377\000M\000i\000l\000e\000s\000t\000o\000n\000e\000s\000\040\000e\000\040\000s\000v\000i\000l\000u\000p\000p\000i\000\040\000s\000i\000g\000n\000i\000f\000i\000c\000a\000t\000i\000v\000i}{section.1.2}% 9
\BOOKMARK [1][-]{section.1.3}{\376\377\000I\000m\000p\000a\000t\000t\000o\000\040\000s\000u\000l\000l\000a\000\040\000d\000i\000v\000u\000l\000g\000a\000z\000i\000o\000n\000e\000\040\000s\000c\000i\000e\000n\000t\000i\000f\000i\000c\000a\000\040\000e\000\040\000c\000u\000l\000t\000u\000r\000a\000l\000e}{chapter.1}% 10
\BOOKMARK [2][-]{subsection.1.3.1}{\376\377\000W\000i\000k\000i\000p\000e\000d\000i\000a\000\040\000c\000o\000m\000e\000\040\000r\000i\000s\000o\000r\000s\000a\000\040\000e\000d\000u\000c\000a\000t\000i\000v\000a}{section.1.3}% 11
\BOOKMARK [2][-]{subsection.1.3.2}{\376\377\000L\000a\000\040\000q\000u\000a\000l\000i\000t\000\340\000\040\000e\000\040\000l\000'\000a\000f\000f\000i\000d\000a\000b\000i\000l\000i\000t\000\340\000\040\000d\000e\000l\000l\000e\000\040\000i\000n\000f\000o\000r\000m\000a\000z\000i\000o\000n\000i}{section.1.3}% 12
\BOOKMARK [2][-]{subsection.1.3.3}{\376\377\000C\000o\000n\000t\000r\000i\000b\000u\000t\000i\000\040\000a\000l\000l\000a\000\040\000s\000c\000i\000e\000n\000z\000a\000\040\000e\000\040\000a\000l\000l\000a\000\040\000c\000o\000n\000o\000s\000c\000e\000n\000z\000a\000\040\000p\000u\000b\000b\000l\000i\000c\000a}{section.1.3}% 13
\BOOKMARK [2][-]{subsection.1.3.4}{\376\377\000C\000r\000i\000t\000i\000c\000h\000e\000\040\000e\000\040\000s\000f\000i\000d\000e\000\040\000a\000f\000f\000r\000o\000n\000t\000a\000t\000e\000\040\000d\000a\000\040\000W\000i\000k\000i\000p\000e\000d\000i\000a}{section.1.3}% 14
\BOOKMARK [0][-]{chapter.2}{\376\377\000I\000n\000t\000r\000o\000d\000u\000z\000i\000o\000n\000e\000\040\000a\000l\000l\000a\000\040\000S\000p\000e\000t\000t\000r\000o\000s\000c\000o\000p\000i\000a}{}% 15
\BOOKMARK [1][-]{section.2.1}{\376\377\000P\000r\000i\000n\000c\000i\000p\000i\000\040\000F\000o\000n\000d\000a\000m\000e\000n\000t\000a\000l\000i\000\040\000d\000e\000l\000l\000a\000\040\000S\000p\000e\000t\000t\000r\000o\000s\000c\000o\000p\000i\000a}{chapter.2}% 16
\BOOKMARK [2][-]{subsection.2.1.1}{\376\377\000I\000n\000t\000e\000r\000a\000z\000i\000o\000n\000e\000\040\000d\000e\000l\000l\000a\000\040\000l\000u\000c\000e\000\040\000c\000o\000n\000\040\000l\000a\000\040\000m\000a\000t\000e\000r\000i\000a}{section.2.1}% 17
\BOOKMARK [2][-]{subsection.2.1.2}{\376\377\000T\000i\000p\000i\000\040\000d\000i\000\040\000s\000p\000e\000t\000t\000r\000o\000s\000c\000o\000p\000i\000a\000\040\000\050\000o\000t\000t\000i\000c\000a\000,\000\040\000i\000n\000f\000r\000a\000r\000o\000s\000s\000a\000,\000\040\000u\000l\000t\000r\000a\000v\000i\000o\000l\000e\000t\000t\000a\000,\000\040\000e\000c\000c\000.\000\051}{section.2.1}% 18
\BOOKMARK [1][-]{section.2.2}{\376\377\000L\000e\000g\000g\000e\000\040\000d\000i\000\040\000S\000n\000e\000l\000l\000\040\000e\000\040\000l\000a\000\040\000R\000i\000f\000r\000a\000z\000i\000o\000n\000e}{chapter.2}% 19
\BOOKMARK [2][-]{subsection.2.2.1}{\376\377\000I\000n\000t\000r\000o\000d\000u\000z\000i\000o\000n\000e\000\040\000a\000l\000l\000a\000\040\000r\000i\000f\000r\000a\000z\000i\000o\000n\000e}{section.2.2}% 20
\BOOKMARK [2][-]{subsection.2.2.2}{\376\377\000E\000n\000u\000n\000c\000i\000a\000t\000o\000\040\000d\000e\000l\000l\000a\000\040\000L\000e\000g\000g\000e\000\040\000d\000i\000\040\000S\000n\000e\000l\000l}{section.2.2}% 21
\BOOKMARK [2][-]{subsection.2.2.3}{\376\377\000A\000p\000p\000l\000i\000c\000a\000z\000i\000o\000n\000i\000\040\000d\000e\000l\000l\000a\000\040\000r\000i\000f\000r\000a\000z\000i\000o\000n\000e\000\040\000n\000e\000l\000l\000a\000\040\000s\000p\000e\000t\000t\000r\000o\000s\000c\000o\000p\000i\000a}{section.2.2}% 22
\BOOKMARK [1][-]{section.2.3}{\376\377\000I\000n\000t\000e\000r\000f\000e\000r\000e\000n\000z\000a\000\040\000d\000e\000l\000l\000a\000\040\000L\000u\000c\000e\000:\000\040\000L\000'\000E\000s\000p\000e\000r\000i\000m\000e\000n\000t\000o\000\040\000d\000i\000\040\000Y\000o\000u\000n\000g}{chapter.2}% 23
\BOOKMARK [2][-]{subsection.2.3.1}{\376\377\000D\000e\000s\000c\000r\000i\000z\000i\000o\000n\000e\000\040\000d\000e\000l\000l\000'\000e\000s\000p\000e\000r\000i\000m\000e\000n\000t\000o\000\040\000d\000i\000\040\000Y\000o\000u\000n\000g}{section.2.3}% 24
\BOOKMARK [2][-]{subsection.2.3.2}{\376\377\000C\000o\000n\000c\000e\000t\000t\000o\000\040\000d\000i\000\040\000i\000n\000t\000e\000r\000f\000e\000r\000e\000n\000z\000a}{section.2.3}% 25
\BOOKMARK [2][-]{subsection.2.3.3}{\376\377\000I\000m\000p\000o\000r\000t\000a\000n\000z\000a\000\040\000d\000e\000l\000l\000'\000i\000n\000t\000e\000r\000f\000e\000r\000e\000n\000z\000a\000\040\000n\000e\000l\000l\000a\000\040\000s\000p\000e\000t\000t\000r\000o\000s\000c\000o\000p\000i\000a}{section.2.3}% 26
\BOOKMARK [1][-]{section.2.4}{\376\377\000E\000m\000i\000s\000s\000i\000o\000n\000e\000\040\000e\000\040\000A\000s\000s\000o\000r\000b\000i\000m\000e\000n\000t\000o\000\040\000d\000i\000\040\000R\000a\000d\000i\000a\000z\000i\000o\000n\000e\000:\000\040\000I\000l\000\040\000M\000o\000d\000e\000l\000l\000o\000\040\000A\000t\000o\000m\000i\000c\000o\000\040\000d\000i\000\040\000B\000o\000h\000r}{chapter.2}% 27
\BOOKMARK [2][-]{subsection.2.4.1}{\376\377\000I\000n\000t\000r\000o\000d\000u\000z\000i\000o\000n\000e\000\040\000a\000l\000\040\000m\000o\000d\000e\000l\000l\000o\000\040\000a\000t\000o\000m\000i\000c\000o\000\040\000d\000i\000\040\000B\000o\000h\000r}{section.2.4}% 28
\BOOKMARK [2][-]{subsection.2.4.2}{\376\377\000S\000p\000e\000t\000t\000r\000i\000\040\000d\000i\000\040\000e\000m\000i\000s\000s\000i\000o\000n\000e\000\040\000e\000\040\000a\000s\000s\000o\000r\000b\000i\000m\000e\000n\000t\000o}{section.2.4}% 29
\BOOKMARK [2][-]{subsection.2.4.3}{\376\377\000A\000p\000p\000l\000i\000c\000a\000z\000i\000o\000n\000i\000\040\000e\000\040\000i\000m\000p\000l\000i\000c\000a\000z\000i\000o\000n\000i\000\040\000n\000e\000l\000l\000a\000\040\000s\000p\000e\000t\000t\000r\000o\000s\000c\000o\000p\000i\000a}{section.2.4}% 30
\BOOKMARK [1][-]{section.2.5}{\376\377\000R\000i\000s\000u\000l\000t\000a\000t\000i\000\040\000P\000r\000i\000n\000c\000i\000p\000a\000l\000i\000\040\000d\000e\000l\000l\000a\000\040\000S\000p\000e\000t\000t\000r\000o\000s\000c\000o\000p\000i\000a}{chapter.2}% 31
\BOOKMARK [2][-]{subsection.2.5.1}{\376\377\000I\000d\000e\000n\000t\000i\000f\000i\000c\000a\000z\000i\000o\000n\000e\000\040\000d\000e\000g\000l\000i\000\040\000e\000l\000e\000m\000e\000n\000t\000i\000\040\000e\000\040\000d\000e\000l\000l\000e\000\040\000m\000o\000l\000e\000c\000o\000l\000e}{section.2.5}% 32
\BOOKMARK [2][-]{subsection.2.5.2}{\376\377\000A\000n\000a\000l\000i\000s\000i\000\040\000d\000e\000l\000l\000a\000\040\000c\000o\000m\000p\000o\000s\000i\000z\000i\000o\000n\000e\000\040\000c\000h\000i\000m\000i\000c\000a\000\040\000d\000e\000l\000l\000e\000\040\000s\000t\000e\000l\000l\000e}{section.2.5}% 33
\BOOKMARK [2][-]{subsection.2.5.3}{\376\377\000A\000p\000p\000l\000i\000c\000a\000z\000i\000o\000n\000i\000\040\000n\000e\000l\000l\000a\000\040\000m\000e\000d\000i\000c\000i\000n\000a\000\040\000e\000\040\000n\000e\000l\000l\000a\000\040\000b\000i\000o\000l\000o\000g\000i\000a}{section.2.5}% 34
\BOOKMARK [1][-]{section.2.6}{\376\377\000T\000e\000c\000n\000i\000c\000h\000e\000\040\000A\000v\000a\000n\000z\000a\000t\000e\000\040\000d\000i\000\040\000S\000p\000e\000t\000t\000r\000o\000s\000c\000o\000p\000i\000a}{chapter.2}% 35
\BOOKMARK [2][-]{subsection.2.6.1}{\376\377\000S\000p\000e\000t\000t\000r\000o\000s\000c\000o\000p\000i\000a\000\040\000a\000\040\000t\000r\000a\000s\000f\000o\000r\000m\000a\000t\000a\000\040\000d\000i\000\040\000F\000o\000u\000r\000i\000e\000r\000\040\000\050\000F\000T\000I\000R\000\051}{section.2.6}% 36
\BOOKMARK [2][-]{subsection.2.6.2}{\376\377\000S\000p\000e\000t\000t\000r\000o\000s\000c\000o\000p\000i\000a\000\040\000R\000a\000m\000a\000n}{section.2.6}% 37
\BOOKMARK [2][-]{subsection.2.6.3}{\376\377\000S\000p\000e\000t\000t\000r\000o\000s\000c\000o\000p\000i\000a\000\040\000d\000i\000\040\000r\000i\000s\000o\000n\000a\000n\000z\000a\000\040\000m\000a\000g\000n\000e\000t\000i\000c\000a\000\040\000n\000u\000c\000l\000e\000a\000r\000e\000\040\000\050\000N\000M\000R\000\051}{section.2.6}% 38
\BOOKMARK [2][-]{subsection.2.6.4}{\376\377\000A\000l\000t\000r\000e\000\040\000t\000e\000c\000n\000i\000c\000h\000e\000\040\000s\000p\000e\000t\000t\000r\000o\000s\000c\000o\000p\000i\000c\000h\000e\000\040\000a\000v\000a\000n\000z\000a\000t\000e}{section.2.6}% 39
\BOOKMARK [1][-]{section.2.7}{\376\377\000C\000o\000n\000c\000l\000u\000s\000i\000o\000n\000i\000\040\000e\000\040\000P\000r\000o\000s\000p\000e\000t\000t\000i\000v\000e\000\040\000F\000u\000t\000u\000r\000e}{chapter.2}% 40
\BOOKMARK [2][-]{subsection.2.7.1}{\376\377\000R\000i\000e\000p\000i\000l\000o\000g\000o\000\040\000d\000e\000i\000\040\000p\000u\000n\000t\000i\000\040\000c\000h\000i\000a\000v\000e}{section.2.7}% 41
\BOOKMARK [2][-]{subsection.2.7.2}{\376\377\000S\000v\000i\000l\000u\000p\000p\000i\000\040\000r\000e\000c\000e\000n\000t\000i\000\040\000e\000\040\000f\000u\000t\000u\000r\000e\000\040\000d\000i\000r\000e\000z\000i\000o\000n\000i\000\040\000d\000e\000l\000l\000a\000\040\000r\000i\000c\000e\000r\000c\000a\000\040\000s\000p\000e\000t\000t\000r\000o\000s\000c\000o\000p\000i\000c\000a}{section.2.7}% 42
\BOOKMARK [0][-]{chapter.3}{\376\377\000I\000l\000\040\000m\000i\000o\000\040\000l\000a\000v\000o\000r\000o}{}% 43
\BOOKMARK [1][-]{section.3.1}{\376\377\000M\000o\000d\000a\000l\000i\000t\000\340\000\040\000d\000i\000\040\000R\000e\000d\000a\000z\000i\000o\000n\000e\000\040\000e\000\040\000G\000e\000s\000t\000i\000o\000n\000e\000\040\000d\000e\000i\000\040\000C\000o\000n\000t\000e\000n\000u\000t\000i}{chapter.3}% 44
\BOOKMARK [2][-]{subsection.3.1.1}{\376\377\000I\000l\000\040\000p\000r\000o\000c\000e\000s\000s\000o\000\040\000d\000i\000\040\000c\000r\000e\000a\000z\000i\000o\000n\000e\000\040\000e\000\040\000m\000o\000d\000i\000f\000i\000c\000a\000\040\000d\000e\000l\000l\000e\000\040\000v\000o\000c\000i}{section.3.1}% 45
\BOOKMARK [2][-]{subsection.3.1.2}{\376\377\000R\000e\000g\000o\000l\000e\000\040\000e\000\040\000l\000i\000n\000e\000e\000\040\000g\000u\000i\000d\000a\000\040\000p\000e\000r\000\040\000i\000\040\000c\000o\000n\000t\000r\000i\000b\000u\000t\000o\000r\000i}{section.3.1}% 46
\BOOKMARK [2][-]{subsection.3.1.3}{\376\377\000I\000l\000\040\000r\000u\000o\000l\000o\000\040\000d\000e\000i\000\040\000r\000e\000v\000i\000s\000o\000r\000i\000\040\000e\000\040\000d\000e\000g\000l\000i\000\040\000a\000m\000m\000i\000n\000i\000s\000t\000r\000a\000t\000o\000r\000i}{section.3.1}% 47
\BOOKMARK [2][-]{subsection.3.1.4}{\376\377\000S\000t\000r\000u\000m\000e\000n\000t\000i\000\040\000e\000\040\000t\000e\000c\000n\000o\000l\000o\000g\000i\000e\000\040\000u\000t\000i\000l\000i\000z\000z\000a\000t\000i}{section.3.1}% 48
